{"ip":"::1","level":"info","message":"Incoming request","method":"GET","path":"/api/food-items","timestamp":"2025-04-24T11:01:40.672Z"}
{"ip":"::1","level":"info","message":"Incoming request","method":"GET","path":"/api/food-items","timestamp":"2025-04-24T11:01:41.566Z"}
{"ip":"::1","level":"info","message":"Incoming request","method":"POST","path":"/api/orders","timestamp":"2025-04-24T11:02:32.226Z"}
{"ip":"::1","level":"info","message":"Incoming request","method":"POST","path":"/api/payments/initiate","timestamp":"2025-04-24T11:02:32.415Z"}
{"ip":"::1","level":"info","message":"Incoming request","method":"GET","path":"/api/food-items","timestamp":"2025-04-24T16:56:14.259Z"}
{"ip":"::1","level":"info","message":"Incoming request","method":"GET","path":"/api/food-items","timestamp":"2025-04-24T16:56:14.437Z"}
{"ip":"::1","level":"info","message":"Incoming request","method":"GET","path":"/api/food-items","timestamp":"2025-04-24T17:20:48.401Z"}
{"ip":"::1","level":"info","message":"Incoming request","method":"GET","path":"/api/food-items","timestamp":"2025-04-24T17:48:56.902Z"}
{"ip":"::1","level":"info","message":"Incoming request","method":"GET","path":"/api/food-items","timestamp":"2025-04-24T17:48:56.981Z"}
{"ip":"::1","level":"info","message":"Incoming request","method":"POST","path":"/api/payment/create-session","timestamp":"2025-04-24T17:49:29.751Z"}
{"ip":"::1","level":"info","message":"Incoming request","method":"GET","path":"/api/food-items","timestamp":"2025-04-24T18:01:37.259Z"}
{"ip":"::1","level":"info","message":"Incoming request","method":"GET","path":"/api/food-items","timestamp":"2025-04-25T19:56:26.615Z"}
{"ip":"::1","level":"info","message":"Incoming request","method":"GET","path":"/api/food-items","timestamp":"2025-04-25T19:56:27.743Z"}
{"ip":"::1","level":"info","message":"Incoming request","method":"GET","path":"/","timestamp":"2025-04-25T19:56:39.081Z"}
{"ip":"::1","level":"info","message":"Incoming request","method":"GET","path":"/favicon.ico","timestamp":"2025-04-25T19:56:39.306Z"}
{"ip":"::1","level":"info","message":"Incoming request","method":"GET","path":"/api/food-items","timestamp":"2025-04-25T19:56:44.923Z"}
{"ip":"::1","level":"info","message":"Incoming request","method":"GET","path":"/api/food-items","timestamp":"2025-04-25T19:56:52.826Z"}
{"ip":"::1","level":"info","message":"Incoming request","method":"GET","path":"/api/food-items","timestamp":"2025-04-25T20:00:03.647Z"}
{"ip":"::1","level":"info","message":"Incoming request","method":"GET","path":"/api/food-items","timestamp":"2025-04-25T20:00:16.335Z"}
{"ip":"::1","level":"info","message":"Incoming request","method":"GET","path":"/api/food-items","timestamp":"2025-04-25T20:00:16.553Z"}
{"ip":"::1","level":"info","message":"Incoming request","method":"GET","path":"/api/food-items","timestamp":"2025-04-25T20:01:01.956Z"}
{"ip":"::1","level":"info","message":"Incoming request","method":"GET","path":"/api/food-items","timestamp":"2025-04-25T20:11:57.960Z"}
{"ip":"::1","level":"info","message":"Incoming request","method":"GET","path":"/","timestamp":"2025-04-27T01:00:36.676Z"}
{"ip":"::1","level":"info","message":"Incoming request","method":"GET","path":"/favicon.ico","timestamp":"2025-04-27T01:00:36.898Z"}
{"ip":"::1","level":"info","message":"Incoming request","method":"GET","path":"/api/food-items","timestamp":"2025-04-27T01:00:43.007Z"}
{"ip":"::1","level":"info","message":"Incoming request","method":"GET","path":"/api/food-items","timestamp":"2025-04-27T01:00:52.948Z"}
{"ip":"::1","level":"info","message":"Incoming request","method":"GET","path":"/api/food-items","timestamp":"2025-04-27T01:00:54.033Z"}
{"ip":"::1","level":"info","message":"Incoming request","method":"GET","path":"/api/food-items","timestamp":"2025-04-27T01:00:57.303Z"}
{"ip":"::1","level":"info","message":"Incoming request","method":"GET","path":"/api/food-items","timestamp":"2025-04-27T01:10:48.727Z"}
{"ip":"::1","level":"info","message":"Incoming request","method":"GET","path":"/api/food-items","timestamp":"2025-04-27T01:12:47.392Z"}
{"ip":"::1","level":"info","message":"Incoming request","method":"GET","path":"/api/food-items","timestamp":"2025-04-27T01:12:55.925Z"}
{"ip":"::1","level":"info","message":"Incoming request","method":"GET","path":"/api/food-items","timestamp":"2025-04-27T01:12:56.128Z"}
{"ip":"::1","level":"info","message":"Incoming request","method":"GET","path":"/api/food-items","timestamp":"2025-04-27T01:22:03.860Z"}
